<?xml version="1.0" encoding="UTF-8"?>
<testng-results ignored="0" total="6" passed="5" failed="1" skipped="0">
  <reporter-output>
  </reporter-output>
  <suite started-at="2022-09-28T13:32:42 CDT" name="Default suite" finished-at="2022-09-28T13:32:42 CDT" duration-ms="105">
    <groups>
    </groups>
    <test started-at="2022-09-28T13:32:42 CDT" name="Default test" finished-at="2022-09-28T13:32:42 CDT" duration-ms="105">
      <class name="streamjava">
        <test-method signature="regular()[pri:1, instance:streamjava@3cc1435c]" started-at="2022-09-28T13:32:42 CDT" name="regular" finished-at="2022-09-28T13:32:42 CDT" duration-ms="11" status="PASS">
          <reporter-output>
          </reporter-output>
        </test-method> <!-- regular -->
        <test-method signature="streams()[pri:2, instance:streamjava@3cc1435c]" started-at="2022-09-28T13:32:42 CDT" name="streams" finished-at="2022-09-28T13:32:42 CDT" duration-ms="3" status="PASS">
          <reporter-output>
          </reporter-output>
        </test-method> <!-- streams -->
        <test-method signature="streamallnames()[pri:3, instance:streamjava@3cc1435c]" started-at="2022-09-28T13:32:42 CDT" name="streamallnames" finished-at="2022-09-28T13:32:42 CDT" duration-ms="3" status="PASS">
          <reporter-output>
          </reporter-output>
        </test-method> <!-- streamallnames -->
        <test-method signature="arraytollist()[pri:4, instance:streamjava@3cc1435c]" started-at="2022-09-28T13:32:42 CDT" name="arraytollist" finished-at="2022-09-28T13:32:42 CDT" duration-ms="6" status="PASS">
          <reporter-output>
          </reporter-output>
        </test-method> <!-- arraytollist -->
        <test-method signature="concatlist()[pri:5, instance:streamjava@3cc1435c]" started-at="2022-09-28T13:32:42 CDT" name="concatlist" finished-at="2022-09-28T13:32:42 CDT" duration-ms="9" status="FAIL">
          <exception class="java.lang.IllegalStateException">
            <message>
              <![CDATA[stream has already been operated upon or closed]]>
            </message>
            <full-stacktrace>
              <![CDATA[java.lang.IllegalStateException: stream has already been operated upon or closed
at java.base/java.util.stream.AbstractPipeline.evaluate(AbstractPipeline.java:229)
at java.base/java.util.stream.ReferencePipeline.anyMatch(ReferencePipeline.java:528)
at streamjava.concatlist(streamjava.java:97)
at java.base/jdk.internal.reflect.NativeMethodAccessorImpl.invoke0(Native Method)
at java.base/jdk.internal.reflect.NativeMethodAccessorImpl.invoke(NativeMethodAccessorImpl.java:62)
at java.base/jdk.internal.reflect.DelegatingMethodAccessorImpl.invoke(DelegatingMethodAccessorImpl.java:43)
at java.base/java.lang.reflect.Method.invoke(Method.java:566)
at org.testng.internal.MethodInvocationHelper.invokeMethod(MethodInvocationHelper.java:133)
at org.testng.internal.TestInvoker.invokeMethod(TestInvoker.java:598)
at org.testng.internal.TestInvoker.invokeTestMethod(TestInvoker.java:173)
at org.testng.internal.MethodRunner.runInSequence(MethodRunner.java:46)
at org.testng.internal.TestInvoker$MethodInvocationAgent.invoke(TestInvoker.java:824)
at org.testng.internal.TestInvoker.invokeTestMethods(TestInvoker.java:146)
at org.testng.internal.TestMethodWorker.invokeTestMethods(TestMethodWorker.java:146)
at org.testng.internal.TestMethodWorker.run(TestMethodWorker.java:128)
at java.base/java.util.ArrayList.forEach(ArrayList.java:1541)
at org.testng.TestRunner.privateRun(TestRunner.java:794)
at org.testng.TestRunner.run(TestRunner.java:596)
at org.testng.SuiteRunner.runTest(SuiteRunner.java:377)
at org.testng.SuiteRunner.runSequentially(SuiteRunner.java:371)
at org.testng.SuiteRunner.privateRun(SuiteRunner.java:332)
at org.testng.SuiteRunner.run(SuiteRunner.java:276)
at org.testng.SuiteRunnerWorker.runSuite(SuiteRunnerWorker.java:53)
at org.testng.SuiteRunnerWorker.run(SuiteRunnerWorker.java:96)
at org.testng.TestNG.runSuitesSequentially(TestNG.java:1212)
at org.testng.TestNG.runSuitesLocally(TestNG.java:1134)
at org.testng.TestNG.runSuites(TestNG.java:1063)
at org.testng.TestNG.run(TestNG.java:1031)
at org.testng.remote.AbstractRemoteTestNG.run(AbstractRemoteTestNG.java:115)
at org.testng.remote.RemoteTestNG.initAndRun(RemoteTestNG.java:251)
at org.testng.remote.RemoteTestNG.main(RemoteTestNG.java:77)
]]>
            </full-stacktrace>
          </exception> <!-- java.lang.IllegalStateException -->
          <reporter-output>
          </reporter-output>
        </test-method> <!-- concatlist -->
        <test-method signature="distinct()[pri:6, instance:streamjava@3cc1435c]" started-at="2022-09-28T13:32:42 CDT" name="distinct" finished-at="2022-09-28T13:32:42 CDT" duration-ms="5" status="PASS">
          <reporter-output>
          </reporter-output>
        </test-method> <!-- distinct -->
      </class> <!-- streamjava -->
    </test> <!-- Default test -->
  </suite> <!-- Default suite -->
</testng-results>
